<?xml version="1.0" encoding="UTF-8"?>
<testng-results ignored="0" total="1" passed="1" failed="0" skipped="0">
  <reporter-output>
  </reporter-output>
  <suite started-at="2022-09-01T12:55:41 IST" name="Default suite" finished-at="2022-09-01T12:55:47 IST" duration-ms="6626">
    <groups>
    </groups>
    <test started-at="2022-09-01T12:55:41 IST" name="Default test" finished-at="2022-09-01T12:55:47 IST" duration-ms="6626">
      <class name="Test.WFH">
        <test-method is-config="true" signature="beforeSuite()[pri:0, instance:Test.WFH@3e11f9e9]" started-at="2022-09-01T12:55:33 IST" name="beforeSuite" finished-at="2022-09-01T12:55:41 IST" duration-ms="7885" status="PASS">
          <reporter-output>
          </reporter-output>
        </test-method> <!-- beforeSuite -->
        <test-method signature="Test()[pri:0, instance:Test.WFH@3e11f9e9]" started-at="2022-09-01T12:55:41 IST" name="Test" finished-at="2022-09-01T12:55:47 IST" duration-ms="6556" status="PASS">
          <reporter-output>
          </reporter-output>
        </test-method> <!-- Test -->
        <test-method is-config="true" signature="afterSuite()[pri:0, instance:Test.WFH@3e11f9e9]" started-at="2022-09-01T12:55:47 IST" name="afterSuite" finished-at="2022-09-01T12:55:48 IST" duration-ms="337" status="PASS">
          <reporter-output>
          </reporter-output>
        </test-method> <!-- afterSuite -->
      </class> <!-- Test.WFH -->
    </test> <!-- Default test -->
  </suite> <!-- Default suite -->
</testng-results>
